[0226/131032.705:ERROR:scoped_process_suspend.cc(40)] NtResumeProcess: An attempt was made to access an exiting process. (0xc000010a)
[0315/140851.436:ERROR:file_io.cc(134)] WriteFile: The pipe is being closed. (0xE8)
[0404/080110.575:ERROR:process_reader_win.cc(151)] SuspendThread: Access is denied. (0x5)
[0404/080110.852:ERROR:process_reader_win.cc(123)] NtOpenThread: An invalid Client ID was specified. (0xc000000b)
[0404/080110.882:ERROR:process_reader_win.cc(123)] NtOpenThread: An invalid Client ID was specified. (0xc000000b)
[0404/080110.912:ERROR:exception_snapshot_win.cc(98)] thread ID 6544 not found in process
[0404/080110.939:ERROR:scoped_process_suspend.cc(40)] NtResumeProcess: An attempt was made to access an exiting process. (0xc000010a)
[0416/171227.597:ERROR:process_reader_win.cc(151)] SuspendThread: Access is denied. (0x5)
[0416/171227.696:ERROR:process_reader_win.cc(123)] NtOpenThread: An invalid Client ID was specified. (0xc000000b)
[0416/171227.724:ERROR:process_reader_win.cc(123)] NtOpenThread: An invalid Client ID was specified. (0xc000000b)
[0416/171227.756:ERROR:process_reader_win.cc(123)] NtOpenThread: An invalid Client ID was specified. (0xc000000b)
[0416/171227.784:ERROR:process_reader_win.cc(123)] NtOpenThread: An invalid Client ID was specified. (0xc000000b)
[0416/171227.810:ERROR:process_reader_win.cc(123)] NtOpenThread: An invalid Client ID was specified. (0xc000000b)
[0416/171227.843:ERROR:process_reader_win.cc(123)] NtOpenThread: An invalid Client ID was specified. (0xc000000b)
[0416/171227.869:ERROR:process_reader_win.cc(123)] NtOpenThread: An invalid Client ID was specified. (0xc000000b)
[0416/171227.901:ERROR:process_reader_win.cc(123)] NtOpenThread: An invalid Client ID was specified. (0xc000000b)
[0416/171227.928:ERROR:process_reader_win.cc(123)] NtOpenThread: An invalid Client ID was specified. (0xc000000b)
[0416/171227.955:ERROR:process_reader_win.cc(123)] NtOpenThread: An invalid Client ID was specified. (0xc000000b)
[0416/171227.983:ERROR:process_reader_win.cc(123)] NtOpenThread: An invalid Client ID was specified. (0xc000000b)
[0416/171228.011:ERROR:process_reader_win.cc(123)] NtOpenThread: An invalid Client ID was specified. (0xc000000b)
[0416/171228.057:ERROR:process_reader_win.cc(123)] NtOpenThread: An invalid Client ID was specified. (0xc000000b)
[0416/171228.084:ERROR:exception_snapshot_win.cc(98)] thread ID 1728 not found in process
[0416/171228.116:ERROR:scoped_process_suspend.cc(40)] NtResumeProcess: An attempt was made to access an exiting process. (0xc000010a)
[0423/073701.516:ERROR:process_reader_win.cc(151)] SuspendThread: Access is denied. (0x5)
[0423/073701.666:ERROR:exception_snapshot_win.cc(98)] thread ID 3480 not found in process
[0423/073701.699:ERROR:scoped_process_suspend.cc(40)] NtResumeProcess: An attempt was made to access an exiting process. (0xc000010a)
[0425/110015.746:ERROR:process_info.cc(329)] VirtualQueryEx: Access is denied. (0x5)
[0425/110015.881:ERROR:process_info.cc(550)] ReadMemoryInfo failed
[0425/110015.920:ERROR:scoped_process_suspend.cc(40)] NtResumeProcess: An attempt was made to access an exiting process. (0xc000010a)
[0503/101237.749:ERROR:process_reader_win.cc(182)] ResumeThread: The parameter is incorrect. (0x57)
[0503/101237.906:ERROR:process_reader_win.cc(123)] NtOpenThread: An invalid Client ID was specified. (0xc000000b)
[0503/101237.941:ERROR:process_memory_win.cc(73)] ReadMemory at 0x43cd580 of 16 bytes failed: Only part of a ReadProcessMemory or WriteProcessMemory request was completed. (0x12B)
[0503/101237.972:ERROR:exception_snapshot_win.cc(195)] EXCEPTION_POINTERS read failed
[0503/101238.003:ERROR:scoped_process_suspend.cc(40)] NtResumeProcess: An attempt was made to access an exiting process. (0xc000010a)
